./main/java/pof/ingress/App.java:        System.out.println( "Hello World!" );
./jvm/storm/ingress/bolt/PrinterBolt.java:    System.out.println(tuple);
./jvm/storm/ingress/postgresql/postgresConnector.java:                System.out.println("DB to be connected .....");
./jvm/storm/ingress/postgresql/postgresConnector.java:                System.out.println("DB connected .....");
./jvm/storm/ingress/postgresql/PostgresqlState.java.old://            System.out.println("ingest DB connecting .......");
./jvm/storm/ingress/postgresql/PostgresqlState.java.old:            System.out.println("ingest DB connectted .......");
./jvm/storm/ingress/postgresql/PostgresqlState.java.old://        System.out.println("multiGet start ..... ");
./jvm/storm/ingress/postgresql/PostgresqlState.java.old://        System.out.println("keys = " + keys) ;
./jvm/storm/ingress/postgresql/PostgresqlState.java.old://        System.out.println("partitionedKeys = " + partitionedKeys ) ;
./jvm/storm/ingress/postgresql/PostgresqlState.java.old://            System.out.println(queryResults);
./jvm/storm/ingress/postgresql/PostgresqlState.java.old:          System.out.println("multiPut start ..... ");
./jvm/storm/ingress/postgresql/PostgresqlState.java.old:          System.out.println(keys);
./jvm/storm/ingress/postgresql/PostgresqlState.java.old:          System.out.println(values);
./jvm/storm/ingress/postgresql/PostgresqlState.java.old:            System.out.println(pkeys) ;
./jvm/storm/ingress/postgresql/PostgresqlState.java.old:            System.out.println(pvalues) ;
./jvm/storm/ingress/postgresql/PostgresqlState.java.old://                    System.out.println("getKeyColumns.length =" + config.getKeyColumns().length + " ; getKeyColumns.length = " + config.getValueColumns().length + "; paramCount = " + paramCount + " \n" );
./jvm/storm/ingress/postgresql/PostgresqlState.java.old:            System.out.println("query = " + queryBuilder.toString() + "\n" );
./jvm/storm/ingress/postgresql/PostgresqlState.java.old://                    System.out.println(param);
./jvm/storm/ingress/postgresql/PostgresqlState.java.old://                    System.out.println("key = ", key) ;
./jvm/storm/ingress/postgresql/PostgresqlState.java.old:     //               System.out.println("keyPart = ", keyPart) ;
./jvm/storm/ingress/postgresql/PostgresqlState.java.old://        System.out.println("keys = " + keys );
./jvm/storm/ingress/postgresql/PostgresqlState.java.old://        System.out.println("values = " + values + "\n" );
./jvm/storm/ingress/postgresql/PostgresqlState.java.old://            System.out.println("flattenedRows = " + flattenedRows + "\n" );
./jvm/storm/ingress/postgresql/PostgresqlState.java.old:                 //   System.out.println("valueToParams = " + valueToParams(values.get(i)) + "\n" );
./jvm/storm/ingress/postgresql/PostgresqlState.java.old:             System.out.println("values = " + values + "\n" );
./jvm/storm/ingress/postgresql/PostgresqlState.java:            System.out.println("ingest DB connectted .......");
./jvm/storm/ingress/postgresql/PostgresqlState.java:        System.out.println("multiPut start ..... ");
./jvm/storm/ingress/postgresql/PostgresqlState.java:        System.out.println(keys);
./jvm/storm/ingress/postgresql/PostgresqlState.java:        System.out.println("+++ [[K]] " + keys.size() + "\n+++ [[V]]" + values.size() + "--- [[B]]" + config.getBatchSize());
./jvm/storm/ingress/postgresql/PostgresqlState.java://                System.out.println(new String(combineRowBytes));
./jvm/storm/ingress/postgresql/PostgresqlState.java:                      System.out.println("Below Values are inserted");
./jvm/storm/ingress/postgresql/PostgresqlState.java://            System.out.println("query = " + queryBuilder.toString());
./jvm/storm/ingress/postgresql/PostgresqlState.java://                    System.out.println("key = " + key) ;
./jvm/storm/ingress/postgresql/PostgresqlState.java://                    System.out.println("keyPart = " + keyPart) ;
./jvm/storm/ingress/postgresql/PostgresqlState.java://                System.out.println("result = " + result);
./jvm/storm/ingress/postgresql/PostgresqlState.java://        System.out.println("+++ keys = " + keys + "\n\t[KeySize[[" + keys.size() + "]]]\n");
./jvm/storm/ingress/postgresql/PostgresqlState.java://        System.out.println("--- values = " + values + "\n\t[ValueSize[[" + values.size() + "]]\n" );
./jvm/storm/ingress/postgresql/PostgresqlState.java://            System.out.println("flattenedRows = " + flattenedRows + "\n" );
./jvm/storm/ingress/postgresql/PostgresqlState.java:                 //   System.out.println("valueToParams = " + valueToParams(values.get(i)) + "\n" );
./jvm/storm/ingress/KafkaIngressTopology.java://                    System.out.println(tuple.getString(0) + " , " + tuple.getString(1));
./jvm/storm/ingress/KafkaIngressTopology.java:                      System.out.println(tuple);
./jvm/storm/ingress/KafkaIngressTopology.java:              System.out.println(updated);
./jvm/storm/ingress/KafkaIngressTopology.java:                          System.out.println("Storm cluster....");
./jvm/storm/ingress/KafkaIngressTopology.java:                          System.out.println("local mode....");
./jvm/storm/ingress/KafkaIngressTopology.java:                            System.out.println("+++++");
./jvm/storm/ingress/KafkaIngressTopology.java:                            System.out.println("+++++");
./jvm/storm/ingress/trident/TridentReach.java:    System.out.println("REACH: " + drpc.execute("reach", "aaa"));
./jvm/storm/ingress/trident/TridentReach.java:    System.out.println("REACH: " + drpc.execute("reach", "foo.com/blog/1"));
./jvm/storm/ingress/trident/TridentReach.java:    System.out.println("REACH: " + drpc.execute("reach", "engineering.twitter.com/blog/5"));
./jvm/storm/ingress/trident/TridentWordCount.java:        System.out.println("DRPC RESULT: " + drpc.execute("words", "cat the dog jumped"));
./jvm/storm/ingress/KafkaIngressTopology.java.writer:                    System.out.println(tuple.getString(0) + " , " + tuple.getString(1));
./jvm/storm/ingress/KafkaIngressTopology.java.writer:                     System.out.println("b = " + tuple.getValue(0));
./jvm/storm/ingress/KafkaIngressTopology.java.writer:                     System.out.println("c = " + tuple.getValue(1));
./jvm/storm/ingress/KafkaIngressTopology.java.writer://                        System.out.println("val1 = " + val1);
./jvm/storm/ingress/KafkaIngressTopology.java.writer://                       System.out.println("val2 = " + val2);
./jvm/storm/ingress/KafkaIngressTopology.java.writer://              System.out.println(updated);
./jvm/storm/ingress/ManualDRPC.java:    System.out.println(drpc.execute("exclamation", "aaa"));
./jvm/storm/ingress/ManualDRPC.java:    System.out.println(drpc.execute("exclamation", "bbb"));
./jvm/storm/ingress/BasicDRPCTopology.java:        System.out.println("Result for \"" + word + "\": " + drpc.execute("exclamation", word));
./jvm/storm/ingress/sopl.log:BasicDRPCTopology.java:        System.out.println("Result for \"" + word + "\": " + drpc.execute("exclamation", word));
./jvm/storm/ingress/sopl.log:KafkaConsumerTopology.java://                   System.out.println("\"time\":" + json.getInt("time") +
./jvm/storm/ingress/sopl.log:KafkaConsumerTopology.java:                    System.out.println(tuple);
./jvm/storm/ingress/sopl.log:KafkaConsumerTopology.java:                    System.out.println(val);
./jvm/storm/ingress/sopl.log:KafkaIngressTopology.java://                    System.out.println(tuple.getString(0) + " , " + tuple.getString(1));
./jvm/storm/ingress/sopl.log:KafkaIngressTopology.java:                      System.out.println(tuple);
./jvm/storm/ingress/sopl.log:KafkaIngressTopology.java:              System.out.println(updated);
./jvm/storm/ingress/sopl.log:KafkaIngressTopology.java:                          System.out.println("Storm cluster....");
./jvm/storm/ingress/sopl.log:KafkaIngressTopology.java:                          System.out.println("local mode....");
./jvm/storm/ingress/sopl.log:KafkaIngressTopology.java:                            System.out.println("+++++");
./jvm/storm/ingress/sopl.log:KafkaIngressTopology.java:                            System.out.println("+++++");
./jvm/storm/ingress/sopl.log:ManualDRPC.java:    System.out.println(drpc.execute("exclamation", "aaa"));
./jvm/storm/ingress/sopl.log:ManualDRPC.java:    System.out.println(drpc.execute("exclamation", "bbb"));
./jvm/storm/ingress/sopl.log:ReachTopology.java:        System.out.println("Reach of " + url + ": " + drpc.execute("reach", url));
./jvm/storm/ingress/KafkaConsumerTopology.java://                   System.out.println("\"time\":" + json.getInt("time") +
./jvm/storm/ingress/KafkaConsumerTopology.java:                    System.out.println(tuple);
./jvm/storm/ingress/KafkaConsumerTopology.java:                    System.out.println(val);
./jvm/storm/ingress/ReachTopology.java:        System.out.println("Reach of " + url + ": " + drpc.execute("reach", url));
